<?xml version="1.0" encoding="UTF-8"?>
<!-- Generated by org.testng.reporters.JUnitReportReporter -->
<testsuite hostname="vasu-PC" name="com.vasu.testng.MultipleTestNgTest" tests="3" failures="0" timestamp="14 Nov 2018 00:55:36 GMT" time="0.009" errors="0">
  <testcase name="appClose" time="0.002" classname="com.vasu.testng.MultipleTestNgTest"/>
  <testcase name="appLaunch" time="0.005" classname="com.vasu.testng.MultipleTestNgTest"/>
  <testcase name="appLogin" time="0.002" classname="com.vasu.testng.MultipleTestNgTest"/>
</testsuite> <!-- com.vasu.testng.MultipleTestNgTest -->
