<?xml version="1.0" encoding="UTF-8"?>
<!-- Generated by org.testng.reporters.JUnitReportReporter -->
<testsuite hostname="vasu-PC" name="com.vasu.testng.EmpRegTest" tests="1" failures="0" timestamp="14 Nov 2018 01:06:40 GMT" time="8.856" errors="0">
  <testcase name="empReg" time="8.856" classname="com.vasu.testng.EmpRegTest"/>
</testsuite> <!-- com.vasu.testng.EmpRegTest -->
