<?xml version="1.0" encoding="UTF-8"?>
<!-- Generated by org.testng.reporters.JUnitReportReporter -->
<testsuite hostname="vasu-PC" name="com.vasu.testng.SampleTestNgTest" tests="1" failures="0" timestamp="14 Nov 2018 00:55:36 GMT" time="0.002" errors="0">
  <testcase name="msg" time="0.002" classname="com.vasu.testng.SampleTestNgTest"/>
</testsuite> <!-- com.vasu.testng.SampleTestNgTest -->
